[debug] [2023-08-05T18:31:22.417Z] ----------------------------------------------------------------------
[debug] [2023-08-05T18:31:22.423Z] Command:       C:\Program Files\nodejs\node.exe C:\Users\007ji\AppData\Roaming\npm\node_modules\firebase-tools\lib\bin\firebase.js use --add
[debug] [2023-08-05T18:31:22.424Z] CLI Version:   12.4.7
[debug] [2023-08-05T18:31:22.425Z] Platform:      win32
[debug] [2023-08-05T18:31:22.426Z] Node Version:  v18.16.0
[debug] [2023-08-05T18:31:22.428Z] Time:          Sun Aug 06 2023 00:01:22 GMT+0530 (India Standard Time)
[debug] [2023-08-05T18:31:22.428Z] ----------------------------------------------------------------------
[debug] 
[debug] [2023-08-05T18:31:22.580Z] > command requires scopes: ["email","openid","https://www.googleapis.com/auth/cloudplatformprojects.readonly","https://www.googleapis.com/auth/firebase","https://www.googleapis.com/auth/cloud-platform"]
[debug] [2023-08-05T18:31:22.581Z] > authorizing via signed-in user (007jithinjose@gmail.com)
[debug] [2023-08-05T18:31:22.585Z] > refreshing access token with scopes: []
[debug] [2023-08-05T18:31:22.590Z] >>> [apiv2][query] POST https://www.googleapis.com/oauth2/v3/token [none]
[debug] [2023-08-05T18:31:22.590Z] >>> [apiv2][body] POST https://www.googleapis.com/oauth2/v3/token [omitted]
[debug] [2023-08-05T18:31:23.152Z] <<< [apiv2][status] POST https://www.googleapis.com/oauth2/v3/token 400
[debug] [2023-08-05T18:31:23.153Z] <<< [apiv2][body] POST https://www.googleapis.com/oauth2/v3/token [omitted]
[debug] [2023-08-05T18:31:23.159Z] >>> [apiv2][query] GET https://firebase.googleapis.com/v1beta1/projects pageSize=1000
[debug] [2023-08-05T18:31:23.653Z] <<< [apiv2][status] GET https://firebase.googleapis.com/v1beta1/projects 401
[debug] [2023-08-05T18:31:23.654Z] <<< [apiv2][body] GET https://firebase.googleapis.com/v1beta1/projects [omitted]
[debug] [2023-08-05T18:31:23.656Z] HTTP Error: 401, Request had invalid authentication credentials. Expected OAuth 2 access token, login cookie or other valid authentication credential. See https://developers.google.com/identity/sign-in/web/devconsole-project.
[debug] [2023-08-05T18:31:24.042Z] FirebaseError: HTTP Error: 401, Request had invalid authentication credentials. Expected OAuth 2 access token, login cookie or other valid authentication credential. See https://developers.google.com/identity/sign-in/web/devconsole-project.
    at responseToError (C:\Users\007ji\AppData\Roaming\npm\node_modules\firebase-tools\lib\responseToError.js:49:12)
    at RetryOperation._fn (C:\Users\007ji\AppData\Roaming\npm\node_modules\firebase-tools\lib\apiv2.js:285:77)
    at process.processTicksAndRejections (node:internal/process/task_queues:95:5)
[error] 
[error] Error: Failed to list Firebase projects. See firebase-debug.log for more info.
